0 info it worked if it ends with ok
1 verbose cli [ '/Users/Tim/.meteor/packages/meteor-tool/.1.4.1_1.9e84yi++os.osx.x86_64+web.browser+web.cordova/mt-os.osx.x86_64/dev_bundle/bin/node',
1 verbose cli   '/Users/Tim/.meteor/packages/meteor-tool/1.4.1_1/mt-os.osx.x86_64/dev_bundle/bin/npm',
1 verbose cli   'install' ]
2 info using npm@3.10.6
3 info using node@v4.5.0
4 silly loadCurrentTree Starting
5 silly install loadCurrentTree
6 silly install readLocalPackageData
7 silly install normalizeTree
8 silly loadCurrentTree Finishing
9 silly loadIdealTree Starting
10 silly install loadIdealTree
11 silly cloneCurrentTree Starting
12 silly install cloneCurrentTreeToIdealTree
13 silly cloneCurrentTree Finishing
14 silly loadShrinkwrap Starting
15 silly install loadShrinkwrap
16 silly loadShrinkwrap Finishing
17 silly loadAllDepsIntoIdealTree Starting
18 silly install loadAllDepsIntoIdealTree
19 silly fetchNamedPackageData bcrypt
20 silly mapToRegistry name bcrypt
21 silly mapToRegistry using default registry
22 silly mapToRegistry registry https://registry.npmjs.org/
23 silly mapToRegistry data Result {
23 silly mapToRegistry   raw: 'bcrypt',
23 silly mapToRegistry   scope: null,
23 silly mapToRegistry   escapedName: 'bcrypt',
23 silly mapToRegistry   name: 'bcrypt',
23 silly mapToRegistry   rawSpec: '',
23 silly mapToRegistry   spec: 'latest',
23 silly mapToRegistry   type: 'tag' }
24 silly mapToRegistry uri https://registry.npmjs.org/bcrypt
25 verbose request uri https://registry.npmjs.org/bcrypt
26 verbose request no auth needed
27 info attempt registry request try #1 at 11:54:56 AM
28 verbose request id a71b7a87a007745a
29 verbose etag "C732ZMNYAG6GBU1DOLULG793M"
30 http request GET https://registry.npmjs.org/bcrypt
31 http 304 https://registry.npmjs.org/bcrypt
32 verbose headers { date: 'Tue, 25 Oct 2016 21:54:55 GMT',
32 verbose headers   via: '1.1 varnish',
32 verbose headers   'cache-control': 'max-age=300',
32 verbose headers   etag: '"C732ZMNYAG6GBU1DOLULG793M"',
32 verbose headers   age: '33',
32 verbose headers   connection: 'keep-alive',
32 verbose headers   'x-served-by': 'cache-sea1921-SEA',
32 verbose headers   'x-cache': 'HIT',
32 verbose headers   'x-cache-hits': '3',
32 verbose headers   'x-timer': 'S1477432495.448240,VS0,VE0',
32 verbose headers   vary: 'Accept-Encoding' }
33 silly get cb [ 304,
33 silly get   { date: 'Tue, 25 Oct 2016 21:54:55 GMT',
33 silly get     via: '1.1 varnish',
33 silly get     'cache-control': 'max-age=300',
33 silly get     etag: '"C732ZMNYAG6GBU1DOLULG793M"',
33 silly get     age: '33',
33 silly get     connection: 'keep-alive',
33 silly get     'x-served-by': 'cache-sea1921-SEA',
33 silly get     'x-cache': 'HIT',
33 silly get     'x-cache-hits': '3',
33 silly get     'x-timer': 'S1477432495.448240,VS0,VE0',
33 silly get     vary: 'Accept-Encoding' } ]
34 verbose etag https://registry.npmjs.org/bcrypt from cache
35 verbose get saving bcrypt to /Users/Tim/.npm/registry.npmjs.org/bcrypt/.cache.json
36 verbose correctMkdir /Users/Tim/.npm correctMkdir not in flight; initializing
37 silly resolveWithNewModule bcrypt@0.8.7 checking installable status
38 silly cache add args [ 'bcrypt@^0.8.7', null ]
39 verbose cache add spec bcrypt@^0.8.7
40 silly cache add parsed spec Result {
40 silly cache add   raw: 'bcrypt@^0.8.7',
40 silly cache add   scope: null,
40 silly cache add   escapedName: 'bcrypt',
40 silly cache add   name: 'bcrypt',
40 silly cache add   rawSpec: '^0.8.7',
40 silly cache add   spec: '>=0.8.7 <0.9.0',
40 silly cache add   type: 'range' }
41 silly addNamed bcrypt@>=0.8.7 <0.9.0
42 verbose addNamed ">=0.8.7 <0.9.0" is a valid semver range for bcrypt
43 silly addNameRange { name: 'bcrypt', range: '>=0.8.7 <0.9.0', hasData: false }
44 silly mapToRegistry name bcrypt
45 silly mapToRegistry using default registry
46 silly mapToRegistry registry https://registry.npmjs.org/
47 silly mapToRegistry data Result {
47 silly mapToRegistry   raw: 'bcrypt',
47 silly mapToRegistry   scope: null,
47 silly mapToRegistry   escapedName: 'bcrypt',
47 silly mapToRegistry   name: 'bcrypt',
47 silly mapToRegistry   rawSpec: '',
47 silly mapToRegistry   spec: 'latest',
47 silly mapToRegistry   type: 'tag' }
48 silly mapToRegistry uri https://registry.npmjs.org/bcrypt
49 verbose addNameRange registry:https://registry.npmjs.org/bcrypt not in flight; fetching
50 verbose get https://registry.npmjs.org/bcrypt not expired, no request
51 silly addNameRange number 2 { name: 'bcrypt', range: '>=0.8.7 <0.9.0', hasData: true }
52 silly addNameRange versions [ 'bcrypt',
52 silly addNameRange   [ '0.1.2',
52 silly addNameRange     '0.2.0',
52 silly addNameRange     '0.2.1',
52 silly addNameRange     '0.1.3',
52 silly addNameRange     '0.2.2',
52 silly addNameRange     '0.2.3',
52 silly addNameRange     '0.2.4',
52 silly addNameRange     '0.3.0',
52 silly addNameRange     '0.3.1',
52 silly addNameRange     '0.3.2',
52 silly addNameRange     '0.4.0',
52 silly addNameRange     '0.4.1',
52 silly addNameRange     '0.5.0',
52 silly addNameRange     '0.6.0',
52 silly addNameRange     '0.7.0',
52 silly addNameRange     '0.7.1',
52 silly addNameRange     '0.7.2',
52 silly addNameRange     '0.7.3',
52 silly addNameRange     '0.7.4',
52 silly addNameRange     '0.7.5',
52 silly addNameRange     '0.7.6',
52 silly addNameRange     '0.7.7',
52 silly addNameRange     '0.7.8',
52 silly addNameRange     '0.8.0',
52 silly addNameRange     '0.8.1',
52 silly addNameRange     '0.8.2',
52 silly addNameRange     '0.8.3',
52 silly addNameRange     '0.8.4',
52 silly addNameRange     '0.8.5',
52 silly addNameRange     '0.8.6',
52 silly addNameRange     '0.8.7' ] ]
53 silly addNamed bcrypt@0.8.7
54 verbose addNamed "0.8.7" is a plain semver version for bcrypt
55 silly cache afterAdd bcrypt@0.8.7
56 verbose afterAdd /Users/Tim/.npm/bcrypt/0.8.7/package/package.json not in flight; writing
57 verbose correctMkdir /Users/Tim/.npm correctMkdir not in flight; initializing
58 verbose afterAdd /Users/Tim/.npm/bcrypt/0.8.7/package/package.json written
59 silly fetchNamedPackageData bindings
60 silly mapToRegistry name bindings
61 silly mapToRegistry using default registry
62 silly mapToRegistry registry https://registry.npmjs.org/
63 silly mapToRegistry data Result {
63 silly mapToRegistry   raw: 'bindings',
63 silly mapToRegistry   scope: null,
63 silly mapToRegistry   escapedName: 'bindings',
63 silly mapToRegistry   name: 'bindings',
63 silly mapToRegistry   rawSpec: '',
63 silly mapToRegistry   spec: 'latest',
63 silly mapToRegistry   type: 'tag' }
64 silly mapToRegistry uri https://registry.npmjs.org/bindings
65 silly fetchNamedPackageData nan
66 silly mapToRegistry name nan
67 silly mapToRegistry using default registry
68 silly mapToRegistry registry https://registry.npmjs.org/
69 silly mapToRegistry data Result {
69 silly mapToRegistry   raw: 'nan',
69 silly mapToRegistry   scope: null,
69 silly mapToRegistry   escapedName: 'nan',
69 silly mapToRegistry   name: 'nan',
69 silly mapToRegistry   rawSpec: '',
69 silly mapToRegistry   spec: 'latest',
69 silly mapToRegistry   type: 'tag' }
70 silly mapToRegistry uri https://registry.npmjs.org/nan
71 verbose request uri https://registry.npmjs.org/bindings
72 verbose request no auth needed
73 info attempt registry request try #1 at 11:54:57 AM
74 verbose etag "8H89UTEGPE3W7SNR9BG1DN8BP"
75 http request GET https://registry.npmjs.org/bindings
76 verbose request uri https://registry.npmjs.org/nan
77 verbose request no auth needed
78 info attempt registry request try #1 at 11:54:57 AM
79 verbose etag "2QXFPVXUU9DUUTAACVV4FOU2Z"
80 http request GET https://registry.npmjs.org/nan
81 http 200 https://registry.npmjs.org/bindings
82 verbose headers { server: 'CouchDB/1.5.0 (Erlang OTP/R16B03)',
82 verbose headers   etag: '"8QW29MHCPCE6VJCVI3QVXRJAQ"',
82 verbose headers   'content-type': 'application/json',
82 verbose headers   'content-encoding': 'gzip',
82 verbose headers   'cache-control': 'max-age=300',
82 verbose headers   'content-length': '3832',
82 verbose headers   'accept-ranges': 'bytes',
82 verbose headers   date: 'Tue, 25 Oct 2016 21:54:55 GMT',
82 verbose headers   via: '1.1 varnish',
82 verbose headers   age: '23',
82 verbose headers   connection: 'keep-alive',
82 verbose headers   'x-served-by': 'cache-sea1921-SEA',
82 verbose headers   'x-cache': 'HIT',
82 verbose headers   'x-cache-hits': '3',
82 verbose headers   'x-timer': 'S1477432495.597197,VS0,VE0',
82 verbose headers   vary: 'Accept-Encoding' }
83 silly get cb [ 200,
83 silly get   { server: 'CouchDB/1.5.0 (Erlang OTP/R16B03)',
83 silly get     etag: '"8QW29MHCPCE6VJCVI3QVXRJAQ"',
83 silly get     'content-type': 'application/json',
83 silly get     'content-encoding': 'gzip',
83 silly get     'cache-control': 'max-age=300',
83 silly get     'content-length': '3832',
83 silly get     'accept-ranges': 'bytes',
83 silly get     date: 'Tue, 25 Oct 2016 21:54:55 GMT',
83 silly get     via: '1.1 varnish',
83 silly get     age: '23',
83 silly get     connection: 'keep-alive',
83 silly get     'x-served-by': 'cache-sea1921-SEA',
83 silly get     'x-cache': 'HIT',
83 silly get     'x-cache-hits': '3',
83 silly get     'x-timer': 'S1477432495.597197,VS0,VE0',
83 silly get     vary: 'Accept-Encoding' } ]
84 verbose get saving bindings to /Users/Tim/.npm/registry.npmjs.org/bindings/.cache.json
85 verbose correctMkdir /Users/Tim/.npm correctMkdir not in flight; initializing
86 silly resolveWithNewModule bindings@1.2.1 checking installable status
87 silly cache add args [ 'bindings@1.2.1', null ]
88 verbose cache add spec bindings@1.2.1
89 silly cache add parsed spec Result {
89 silly cache add   raw: 'bindings@1.2.1',
89 silly cache add   scope: null,
89 silly cache add   escapedName: 'bindings',
89 silly cache add   name: 'bindings',
89 silly cache add   rawSpec: '1.2.1',
89 silly cache add   spec: '1.2.1',
89 silly cache add   type: 'version' }
90 silly addNamed bindings@1.2.1
91 verbose addNamed "1.2.1" is a plain semver version for bindings
92 silly mapToRegistry name bindings
93 silly mapToRegistry using default registry
94 silly mapToRegistry registry https://registry.npmjs.org/
95 silly mapToRegistry data Result {
95 silly mapToRegistry   raw: 'bindings',
95 silly mapToRegistry   scope: null,
95 silly mapToRegistry   escapedName: 'bindings',
95 silly mapToRegistry   name: 'bindings',
95 silly mapToRegistry   rawSpec: '',
95 silly mapToRegistry   spec: 'latest',
95 silly mapToRegistry   type: 'tag' }
96 silly mapToRegistry uri https://registry.npmjs.org/bindings
97 verbose addNameVersion registry:https://registry.npmjs.org/bindings not in flight; fetching
98 verbose get https://registry.npmjs.org/bindings not expired, no request
99 silly cache afterAdd bindings@1.2.1
100 verbose afterAdd /Users/Tim/.npm/bindings/1.2.1/package/package.json not in flight; writing
101 verbose correctMkdir /Users/Tim/.npm correctMkdir not in flight; initializing
102 verbose afterAdd /Users/Tim/.npm/bindings/1.2.1/package/package.json written
103 http 304 https://registry.npmjs.org/nan
104 verbose headers { date: 'Tue, 25 Oct 2016 21:54:55 GMT',
104 verbose headers   via: '1.1 varnish',
104 verbose headers   'cache-control': 'max-age=300',
104 verbose headers   etag: '"2QXFPVXUU9DUUTAACVV4FOU2Z"',
104 verbose headers   age: '147',
104 verbose headers   connection: 'keep-alive',
104 verbose headers   'x-served-by': 'cache-sea1920-SEA',
104 verbose headers   'x-cache': 'HIT',
104 verbose headers   'x-cache-hits': '26',
104 verbose headers   'x-timer': 'S1477432495.743996,VS0,VE0',
104 verbose headers   vary: 'Accept-Encoding' }
105 silly get cb [ 304,
105 silly get   { date: 'Tue, 25 Oct 2016 21:54:55 GMT',
105 silly get     via: '1.1 varnish',
105 silly get     'cache-control': 'max-age=300',
105 silly get     etag: '"2QXFPVXUU9DUUTAACVV4FOU2Z"',
105 silly get     age: '147',
105 silly get     connection: 'keep-alive',
105 silly get     'x-served-by': 'cache-sea1920-SEA',
105 silly get     'x-cache': 'HIT',
105 silly get     'x-cache-hits': '26',
105 silly get     'x-timer': 'S1477432495.743996,VS0,VE0',
105 silly get     vary: 'Accept-Encoding' } ]
106 verbose etag https://registry.npmjs.org/nan from cache
107 verbose get saving nan to /Users/Tim/.npm/registry.npmjs.org/nan/.cache.json
108 verbose correctMkdir /Users/Tim/.npm correctMkdir not in flight; initializing
109 silly resolveWithNewModule nan@2.3.5 checking installable status
110 silly cache add args [ 'nan@2.3.5', null ]
111 verbose cache add spec nan@2.3.5
112 silly cache add parsed spec Result {
112 silly cache add   raw: 'nan@2.3.5',
112 silly cache add   scope: null,
112 silly cache add   escapedName: 'nan',
112 silly cache add   name: 'nan',
112 silly cache add   rawSpec: '2.3.5',
112 silly cache add   spec: '2.3.5',
112 silly cache add   type: 'version' }
113 silly addNamed nan@2.3.5
114 verbose addNamed "2.3.5" is a plain semver version for nan
115 silly mapToRegistry name nan
116 silly mapToRegistry using default registry
117 silly mapToRegistry registry https://registry.npmjs.org/
118 silly mapToRegistry data Result {
118 silly mapToRegistry   raw: 'nan',
118 silly mapToRegistry   scope: null,
118 silly mapToRegistry   escapedName: 'nan',
118 silly mapToRegistry   name: 'nan',
118 silly mapToRegistry   rawSpec: '',
118 silly mapToRegistry   spec: 'latest',
118 silly mapToRegistry   type: 'tag' }
119 silly mapToRegistry uri https://registry.npmjs.org/nan
120 verbose addNameVersion registry:https://registry.npmjs.org/nan not in flight; fetching
121 verbose get https://registry.npmjs.org/nan not expired, no request
122 silly cache afterAdd nan@2.3.5
123 verbose afterAdd /Users/Tim/.npm/nan/2.3.5/package/package.json not in flight; writing
124 verbose correctMkdir /Users/Tim/.npm correctMkdir not in flight; initializing
125 verbose afterAdd /Users/Tim/.npm/nan/2.3.5/package/package.json written
126 silly loadAllDepsIntoIdealTree Finishing
127 silly loadIdealTree Finishing
128 silly currentTree digits@
128 silly currentTree ├─┬ acorn-jsx@3.0.1
128 silly currentTree │ └── acorn@3.3.0
128 silly currentTree ├── acorn@4.0.3
128 silly currentTree ├── ajv-keywords@1.1.1
128 silly currentTree ├── ajv@4.8.0
128 silly currentTree ├── amdefine@1.0.0
128 silly currentTree ├── ansi-escapes@1.4.0
128 silly currentTree ├── ansi-regex@2.0.0
128 silly currentTree ├── ansi-styles@2.2.1
128 silly currentTree ├── argparse@1.0.9
128 silly currentTree ├── array-union@1.0.2
128 silly currentTree ├── array-uniq@1.0.3
128 silly currentTree ├── arrify@1.0.1
128 silly currentTree ├── assertion-error@1.0.2
128 silly currentTree ├── autoprefixer@6.5.1
128 silly currentTree ├── babel-code-frame@6.16.0
128 silly currentTree ├─┬ babel-core@6.17.0
128 silly currentTree │ ├── babel-register@6.16.3
128 silly currentTree │ ├── babel-runtime@6.11.6
128 silly currentTree │ ├── path-exists@1.0.0
128 silly currentTree │ └── source-map-support@0.4.4
128 silly currentTree ├─┬ babel-generator@6.17.0
128 silly currentTree │ └── babel-runtime@6.11.6
128 silly currentTree ├── babel-helpers@6.16.0
128 silly currentTree ├── babel-messages@6.8.0
128 silly currentTree ├─┬ babel-polyfill@6.9.0
128 silly currentTree │ └── babel-runtime@6.11.6
128 silly currentTree ├── babel-regenerator-runtime@6.5.0
128 silly currentTree ├─┬ babel-register@6.8.0
128 silly currentTree │ ├── lodash@3.10.1
128 silly currentTree │ └── path-exists@1.0.0
128 silly currentTree ├── babel-runtime@6.6.1
128 silly currentTree ├─┬ babel-template@6.16.0
128 silly currentTree │ └── babel-runtime@6.11.6
128 silly currentTree ├─┬ babel-traverse@6.16.0
128 silly currentTree │ ├── babel-runtime@6.11.6
128 silly currentTree │ └── globals@8.18.0
128 silly currentTree ├─┬ babel-types@6.16.0
128 silly currentTree │ └── babel-runtime@6.11.6
128 silly currentTree ├── babylon@6.12.0
128 silly currentTree ├── balanced-match@0.4.2
128 silly currentTree ├── brace-expansion@1.1.6
128 silly currentTree ├── browserslist@1.4.0
128 silly currentTree ├── caller-path@0.1.0
128 silly currentTree ├── callsites@0.2.0
128 silly currentTree ├── caniuse-db@1.0.30000557
128 silly currentTree ├── chai@3.5.0
128 silly currentTree ├─┬ chalk@1.1.3
128 silly currentTree │ └── supports-color@2.0.0
128 silly currentTree ├── circular-json@0.3.1
128 silly currentTree ├── cli-cursor@1.0.2
128 silly currentTree ├── cli-width@2.1.0
128 silly currentTree ├── co@4.6.0
128 silly currentTree ├── code-point-at@1.0.1
128 silly currentTree ├── concat-map@0.0.1
128 silly currentTree ├── concat-stream@1.5.2
128 silly currentTree ├── convert-source-map@1.3.0
128 silly currentTree ├── core-js@2.4.1
128 silly currentTree ├── core-util-is@1.0.2
128 silly currentTree ├── d@0.1.1
128 silly currentTree ├── debug@2.2.0
128 silly currentTree ├─┬ deep-eql@0.1.3
128 silly currentTree │ └── type-detect@0.1.1
128 silly currentTree ├── deep-is@0.1.3
128 silly currentTree ├── del@2.2.2
128 silly currentTree ├─┬ detect-indent@3.0.1
128 silly currentTree │ └── minimist@1.2.0
128 silly currentTree ├── docdash@0.3.0
128 silly currentTree ├── doctrine@1.5.0
128 silly currentTree ├── es5-ext@0.10.12
128 silly currentTree ├── es6-enum@1.1.0
128 silly currentTree ├── es6-iterator@2.0.0
128 silly currentTree ├── es6-map@0.1.4
128 silly currentTree ├── es6-set@0.1.4
128 silly currentTree ├── es6-symbol@3.1.0
128 silly currentTree ├── es6-weak-map@2.0.1
128 silly currentTree ├── escape-string-regexp@1.0.5
128 silly currentTree ├── escope@3.6.0
128 silly currentTree ├── eslint-config-airbnb@7.0.0
128 silly currentTree ├─┬ eslint-plugin-import@2.0.1
128 silly currentTree │ ├── builtin-modules@1.1.1
128 silly currentTree │ ├── contains-path@0.1.0
128 silly currentTree │ ├── doctrine@1.3.0
128 silly currentTree │ ├─┬ eslint-import-resolver-node@0.2.3
128 silly currentTree │ │ └── resolve@1.1.7
128 silly currentTree │ ├─┬ eslint-module-utils@1.0.0
128 silly currentTree │ │ └─┬ pkg-dir@1.0.0
128 silly currentTree │ │   └─┬ find-up@1.1.2
128 silly currentTree │ │     └── path-exists@2.1.0
128 silly currentTree │ ├─┬ has@1.0.1
128 silly currentTree │ │ └── function-bind@1.1.0
128 silly currentTree │ ├── lodash.cond@4.5.2
128 silly currentTree │ └─┬ pkg-up@1.0.0
128 silly currentTree │   └─┬ find-up@1.1.2
128 silly currentTree │     └── path-exists@2.1.0
128 silly currentTree ├── eslint-plugin-jsx-a11y@0.6.2
128 silly currentTree ├── eslint-plugin-meteor@3.6.0
128 silly currentTree ├── eslint-plugin-react@4.3.0
128 silly currentTree ├── eslint@2.13.1
128 silly currentTree ├── espree@3.3.2
128 silly currentTree ├── esprima@2.7.3
128 silly currentTree ├─┬ esrecurse@4.1.0
128 silly currentTree │ └── estraverse@4.1.1
128 silly currentTree ├── estraverse@4.2.0
128 silly currentTree ├── esutils@2.0.2
128 silly currentTree ├── event-emitter@0.3.4
128 silly currentTree ├── exit-hook@1.1.1
128 silly currentTree ├── fast-levenshtein@2.0.5
128 silly currentTree ├── figures@1.7.0
128 silly currentTree ├── file-entry-cache@1.3.1
128 silly currentTree ├── flat-cache@1.2.1
128 silly currentTree ├── fs.realpath@1.0.0
128 silly currentTree ├── generate-function@2.0.0
128 silly currentTree ├── generate-object-property@1.2.0
128 silly currentTree ├── get-stdin@4.0.1
128 silly currentTree ├── glob@7.1.1
128 silly currentTree ├── globals@9.12.0
128 silly currentTree ├── globby@5.0.0
128 silly currentTree ├── graceful-fs@4.1.9
128 silly currentTree ├── has-ansi@2.0.0
128 silly currentTree ├── has-flag@1.0.0
128 silly currentTree ├─┬ home-or-tmp@1.0.0
128 silly currentTree │ └── user-home@1.1.1
128 silly currentTree ├── ignore@3.2.0
128 silly currentTree ├── imurmurhash@0.1.4
128 silly currentTree ├── inflight@1.0.6
128 silly currentTree ├── inherits@2.0.3
128 silly currentTree ├── inquirer@0.12.0
128 silly currentTree ├── invariant@2.2.1
128 silly currentTree ├── is-finite@1.0.2
128 silly currentTree ├── is-fullwidth-code-point@1.0.0
128 silly currentTree ├── is-my-json-valid@2.15.0
128 silly currentTree ├── is-path-cwd@1.0.0
128 silly currentTree ├── is-path-in-cwd@1.0.0
128 silly currentTree ├── is-path-inside@1.0.0
128 silly currentTree ├── is-property@1.0.2
128 silly currentTree ├── is-resolvable@1.0.0
128 silly currentTree ├── isarray@1.0.0
128 silly currentTree ├── js-base64@2.1.9
128 silly currentTree ├── js-tokens@2.0.0
128 silly currentTree ├── js-yaml@3.6.1
128 silly currentTree ├── jsesc@1.3.0
128 silly currentTree ├── json-stable-stringify@1.0.1
128 silly currentTree ├── json5@0.4.0
128 silly currentTree ├── jsonify@0.0.0
128 silly currentTree ├── jsonpointer@4.0.0
128 silly currentTree ├── levn@0.3.0
128 silly currentTree ├── lodash._baseeach@4.1.3
128 silly currentTree ├── lodash._basefind@3.0.0
128 silly currentTree ├── lodash._basefindindex@3.6.0
128 silly currentTree ├── lodash._baseiteratee@4.7.0
128 silly currentTree ├── lodash._basetostring@4.12.0
128 silly currentTree ├── lodash._root@3.0.1
128 silly currentTree ├── lodash._stringtopath@4.8.0
128 silly currentTree ├── lodash.find@4.4.0
128 silly currentTree ├── lodash.memoize@4.1.0
128 silly currentTree ├── lodash@4.16.4
128 silly currentTree ├─┬ loose-envify@1.2.0
128 silly currentTree │ └── js-tokens@1.0.3
128 silly currentTree ├─┬ meteor-node-stubs@0.2.3
128 silly currentTree │ ├── assert@1.3.0
128 silly currentTree │ ├─┬ browserify-zlib@0.1.4
128 silly currentTree │ │ └── pako@0.2.8
128 silly currentTree │ ├─┬ buffer@4.5.1
128 silly currentTree │ │ ├── base64-js@1.1.2
128 silly currentTree │ │ ├── ieee754@1.1.6
128 silly currentTree │ │ └── isarray@1.0.0
128 silly currentTree │ ├─┬ console-browserify@1.1.0
128 silly currentTree │ │ └── date-now@0.1.4
128 silly currentTree │ ├── constants-browserify@1.0.0
128 silly currentTree │ ├─┬ crypto-browserify@3.11.0
128 silly currentTree │ │ ├─┬ browserify-cipher@1.0.0
128 silly currentTree │ │ │ ├─┬ browserify-aes@1.0.6
128 silly currentTree │ │ │ │ ├── buffer-xor@1.0.3
128 silly currentTree │ │ │ │ └── cipher-base@1.0.2
128 silly currentTree │ │ │ ├─┬ browserify-des@1.0.0
128 silly currentTree │ │ │ │ ├── cipher-base@1.0.2
128 silly currentTree │ │ │ │ └─┬ des.js@1.0.0
128 silly currentTree │ │ │ │   └── minimalistic-assert@1.0.0
128 silly currentTree │ │ │ └── evp_bytestokey@1.0.0
128 silly currentTree │ │ ├─┬ browserify-sign@4.0.0
128 silly currentTree │ │ │ ├── bn.js@4.11.1
128 silly currentTree │ │ │ ├── browserify-rsa@4.0.1
128 silly currentTree │ │ │ ├─┬ elliptic@6.2.3
128 silly currentTree │ │ │ │ ├── brorand@1.0.5
128 silly currentTree │ │ │ │ └── hash.js@1.0.3
128 silly currentTree │ │ │ └─┬ parse-asn1@5.0.0
128 silly currentTree │ │ │   ├─┬ asn1.js@4.5.2
128 silly currentTree │ │ │   │ └── minimalistic-assert@1.0.0
128 silly currentTree │ │ │   ├─┬ browserify-aes@1.0.6
128 silly currentTree │ │ │   │ ├── buffer-xor@1.0.3
128 silly currentTree │ │ │   │ └── cipher-base@1.0.2
128 silly currentTree │ │ │   └── evp_bytestokey@1.0.0
128 silly currentTree │ │ ├─┬ create-ecdh@4.0.0
128 silly currentTree │ │ │ ├── bn.js@4.11.1
128 silly currentTree │ │ │ └─┬ elliptic@6.2.3
128 silly currentTree │ │ │   ├── brorand@1.0.5
128 silly currentTree │ │ │   └── hash.js@1.0.3
128 silly currentTree │ │ ├─┬ create-hash@1.1.2
128 silly currentTree │ │ │ ├── cipher-base@1.0.2
128 silly currentTree │ │ │ ├── ripemd160@1.0.1
128 silly currentTree │ │ │ └── sha.js@2.4.5
128 silly currentTree │ │ ├── create-hmac@1.1.4
128 silly currentTree │ │ ├─┬ diffie-hellman@5.0.2
128 silly currentTree │ │ │ ├── bn.js@4.11.1
128 silly currentTree │ │ │ └─┬ miller-rabin@4.0.0
128 silly currentTree │ │ │   └── brorand@1.0.5
128 silly currentTree │ │ ├── inherits@2.0.1
128 silly currentTree │ │ ├── pbkdf2@3.0.4
128 silly currentTree │ │ ├─┬ public-encrypt@4.0.0
128 silly currentTree │ │ │ ├── bn.js@4.11.1
128 silly currentTree │ │ │ ├── browserify-rsa@4.0.1
128 silly currentTree │ │ │ └─┬ parse-asn1@5.0.0
128 silly currentTree │ │ │   ├─┬ asn1.js@4.5.2
128 silly currentTree │ │ │   │ └── minimalistic-assert@1.0.0
128 silly currentTree │ │ │   ├─┬ browserify-aes@1.0.6
128 silly currentTree │ │ │   │ ├── buffer-xor@1.0.3
128 silly currentTree │ │ │   │ └── cipher-base@1.0.2
128 silly currentTree │ │ │   └── evp_bytestokey@1.0.0
128 silly currentTree │ │ └── randombytes@2.0.3
128 silly currentTree │ ├── domain-browser@1.1.7
128 silly currentTree │ ├── events@1.1.0
128 silly currentTree │ ├─┬ http-browserify@1.7.0
128 silly currentTree │ │ ├── Base64@0.2.1
128 silly currentTree │ │ └── inherits@2.0.1
128 silly currentTree │ ├── https-browserify@0.0.1
128 silly currentTree │ ├── os-browserify@0.2.1
128 silly currentTree │ ├── path-browserify@0.0.0
128 silly currentTree │ ├── process@0.11.2
128 silly currentTree │ ├── punycode@1.4.1
128 silly currentTree │ ├── querystring-es3@0.2.1
128 silly currentTree │ ├─┬ readable-stream@2.0.6
128 silly currentTree │ │ ├── core-util-is@1.0.2
128 silly currentTree │ │ ├── inherits@2.0.1
128 silly currentTree │ │ ├── isarray@1.0.0
128 silly currentTree │ │ ├── process-nextick-args@1.0.6
128 silly currentTree │ │ └── util-deprecate@1.0.2
128 silly currentTree │ ├─┬ stream-browserify@2.0.1
128 silly currentTree │ │ └── inherits@2.0.1
128 silly currentTree │ ├── string_decoder@0.10.31
128 silly currentTree │ ├── timers-browserify@1.4.2
128 silly currentTree │ ├── tty-browserify@0.0.0
128 silly currentTree │ ├─┬ url@0.11.0
128 silly currentTree │ │ ├── punycode@1.3.2
128 silly currentTree │ │ └── querystring@0.2.0
128 silly currentTree │ ├─┬ util@0.10.3
128 silly currentTree │ │ └── inherits@2.0.1
128 silly currentTree │ └─┬ vm-browserify@0.0.4
128 silly currentTree │   └── indexof@0.0.1
128 silly currentTree ├── minimatch@3.0.3
128 silly currentTree ├── minimist@0.0.8
128 silly currentTree ├── mkdirp@0.5.1
128 silly currentTree ├── ms@0.7.1
128 silly currentTree ├── mute-stream@0.0.5
128 silly currentTree ├── normalize-range@0.1.2
128 silly currentTree ├── num2fraction@1.2.2
128 silly currentTree ├── number-is-nan@1.0.1
128 silly currentTree ├── object-assign@4.1.0
128 silly currentTree ├── once@1.4.0
128 silly currentTree ├── onetime@1.1.0
128 silly currentTree ├── optionator@0.8.2
128 silly currentTree ├── os-homedir@1.0.2
128 silly currentTree ├── os-tmpdir@1.0.2
128 silly currentTree ├── path-exists@3.0.0
128 silly currentTree ├── path-is-absolute@1.0.1
128 silly currentTree ├── path-is-inside@1.0.2
128 silly currentTree ├── pify@2.3.0
128 silly currentTree ├── pinkie-promise@2.0.1
128 silly currentTree ├── pinkie@2.0.4
128 silly currentTree ├── pluralize@1.2.1
128 silly currentTree ├── postcss-value-parser@3.3.0
128 silly currentTree ├── postcss@5.2.4
128 silly currentTree ├── prelude-ls@1.1.2
128 silly currentTree ├── private@0.1.6
128 silly currentTree ├── process-nextick-args@1.0.7
128 silly currentTree ├── progress@1.1.8
128 silly currentTree ├── readable-stream@2.0.6
128 silly currentTree ├── readline2@1.0.1
128 silly currentTree ├── regenerator-runtime@0.9.5
128 silly currentTree ├── repeating@1.1.3
128 silly currentTree ├── require-uncached@1.0.2
128 silly currentTree ├── resolve-from@1.0.1
128 silly currentTree ├── restore-cursor@1.0.1
128 silly currentTree ├── rimraf@2.5.4
128 silly currentTree ├── run-async@0.1.0
128 silly currentTree ├── rx-lite@3.1.2
128 silly currentTree ├── shebang-regex@1.0.0
128 silly currentTree ├── shelljs@0.6.1
128 silly currentTree ├── slash@1.0.0
128 silly currentTree ├── slice-ansi@0.0.4
128 silly currentTree ├─┬ source-map-support@0.2.10
128 silly currentTree │ └── source-map@0.1.32
128 silly currentTree ├── source-map@0.5.6
128 silly currentTree ├── sprintf-js@1.0.3
128 silly currentTree ├── string_decoder@0.10.31
128 silly currentTree ├── string-width@1.0.2
128 silly currentTree ├── strip-ansi@3.0.1
128 silly currentTree ├── strip-json-comments@1.0.4
128 silly currentTree ├── supports-color@3.1.2
128 silly currentTree ├── table@3.8.0
128 silly currentTree ├── text-table@0.2.0
128 silly currentTree ├── through@2.3.8
128 silly currentTree ├── to-fast-properties@1.0.2
128 silly currentTree ├── tryit@1.0.2
128 silly currentTree ├── type-check@0.3.2
128 silly currentTree ├── type-detect@1.0.0
128 silly currentTree ├── typedarray@0.0.6
128 silly currentTree ├── user-home@2.0.0
128 silly currentTree ├── util-deprecate@1.0.2
128 silly currentTree ├── wordwrap@1.0.0
128 silly currentTree ├── wrappy@1.0.2
128 silly currentTree ├── write@0.2.1
128 silly currentTree └── xtend@4.0.1
129 silly idealTree digits@
129 silly idealTree ├─┬ acorn-jsx@3.0.1
129 silly idealTree │ └── acorn@3.3.0
129 silly idealTree ├── acorn@4.0.3
129 silly idealTree ├── ajv-keywords@1.1.1
129 silly idealTree ├── ajv@4.8.0
129 silly idealTree ├── amdefine@1.0.0
129 silly idealTree ├── ansi-escapes@1.4.0
129 silly idealTree ├── ansi-regex@2.0.0
129 silly idealTree ├── ansi-styles@2.2.1
129 silly idealTree ├── argparse@1.0.9
129 silly idealTree ├── array-union@1.0.2
129 silly idealTree ├── array-uniq@1.0.3
129 silly idealTree ├── arrify@1.0.1
129 silly idealTree ├── assertion-error@1.0.2
129 silly idealTree ├── autoprefixer@6.5.1
129 silly idealTree ├── babel-code-frame@6.16.0
129 silly idealTree ├─┬ babel-core@6.17.0
129 silly idealTree │ ├── babel-register@6.16.3
129 silly idealTree │ ├── babel-runtime@6.11.6
129 silly idealTree │ ├── path-exists@1.0.0
129 silly idealTree │ └── source-map-support@0.4.4
129 silly idealTree ├─┬ babel-generator@6.17.0
129 silly idealTree │ └── babel-runtime@6.11.6
129 silly idealTree ├── babel-helpers@6.16.0
129 silly idealTree ├── babel-messages@6.8.0
129 silly idealTree ├─┬ babel-polyfill@6.9.0
129 silly idealTree │ └── babel-runtime@6.11.6
129 silly idealTree ├── babel-regenerator-runtime@6.5.0
129 silly idealTree ├─┬ babel-register@6.8.0
129 silly idealTree │ ├── lodash@3.10.1
129 silly idealTree │ └── path-exists@1.0.0
129 silly idealTree ├── babel-runtime@6.6.1
129 silly idealTree ├─┬ babel-template@6.16.0
129 silly idealTree │ └── babel-runtime@6.11.6
129 silly idealTree ├─┬ babel-traverse@6.16.0
129 silly idealTree │ ├── babel-runtime@6.11.6
129 silly idealTree │ └── globals@8.18.0
129 silly idealTree ├─┬ babel-types@6.16.0
129 silly idealTree │ └── babel-runtime@6.11.6
129 silly idealTree ├── babylon@6.12.0
129 silly idealTree ├── balanced-match@0.4.2
129 silly idealTree ├── bcrypt@0.8.7
129 silly idealTree ├── bindings@1.2.1
129 silly idealTree ├── brace-expansion@1.1.6
129 silly idealTree ├── browserslist@1.4.0
129 silly idealTree ├── caller-path@0.1.0
129 silly idealTree ├── callsites@0.2.0
129 silly idealTree ├── caniuse-db@1.0.30000557
129 silly idealTree ├── chai@3.5.0
129 silly idealTree ├─┬ chalk@1.1.3
129 silly idealTree │ └── supports-color@2.0.0
129 silly idealTree ├── circular-json@0.3.1
129 silly idealTree ├── cli-cursor@1.0.2
129 silly idealTree ├── cli-width@2.1.0
129 silly idealTree ├── co@4.6.0
129 silly idealTree ├── code-point-at@1.0.1
129 silly idealTree ├── concat-map@0.0.1
129 silly idealTree ├── concat-stream@1.5.2
129 silly idealTree ├── convert-source-map@1.3.0
129 silly idealTree ├── core-js@2.4.1
129 silly idealTree ├── core-util-is@1.0.2
129 silly idealTree ├── d@0.1.1
129 silly idealTree ├── debug@2.2.0
129 silly idealTree ├─┬ deep-eql@0.1.3
129 silly idealTree │ └── type-detect@0.1.1
129 silly idealTree ├── deep-is@0.1.3
129 silly idealTree ├── del@2.2.2
129 silly idealTree ├─┬ detect-indent@3.0.1
129 silly idealTree │ └── minimist@1.2.0
129 silly idealTree ├── docdash@0.3.0
129 silly idealTree ├── doctrine@1.5.0
129 silly idealTree ├── es5-ext@0.10.12
129 silly idealTree ├── es6-enum@1.1.0
129 silly idealTree ├── es6-iterator@2.0.0
129 silly idealTree ├── es6-map@0.1.4
129 silly idealTree ├── es6-set@0.1.4
129 silly idealTree ├── es6-symbol@3.1.0
129 silly idealTree ├── es6-weak-map@2.0.1
129 silly idealTree ├── escape-string-regexp@1.0.5
129 silly idealTree ├── escope@3.6.0
129 silly idealTree ├── eslint-config-airbnb@7.0.0
129 silly idealTree ├─┬ eslint-plugin-import@2.0.1
129 silly idealTree │ ├── builtin-modules@1.1.1
129 silly idealTree │ ├── contains-path@0.1.0
129 silly idealTree │ ├── doctrine@1.3.0
129 silly idealTree │ ├─┬ eslint-import-resolver-node@0.2.3
129 silly idealTree │ │ └── resolve@1.1.7
129 silly idealTree │ ├─┬ eslint-module-utils@1.0.0
129 silly idealTree │ │ └─┬ pkg-dir@1.0.0
129 silly idealTree │ │   └─┬ find-up@1.1.2
129 silly idealTree │ │     └── path-exists@2.1.0
129 silly idealTree │ ├─┬ has@1.0.1
129 silly idealTree │ │ └── function-bind@1.1.0
129 silly idealTree │ ├── lodash.cond@4.5.2
129 silly idealTree │ └─┬ pkg-up@1.0.0
129 silly idealTree │   └─┬ find-up@1.1.2
129 silly idealTree │     └── path-exists@2.1.0
129 silly idealTree ├── eslint-plugin-jsx-a11y@0.6.2
129 silly idealTree ├── eslint-plugin-meteor@3.6.0
129 silly idealTree ├── eslint-plugin-react@4.3.0
129 silly idealTree ├── eslint@2.13.1
129 silly idealTree ├── espree@3.3.2
129 silly idealTree ├── esprima@2.7.3
129 silly idealTree ├─┬ esrecurse@4.1.0
129 silly idealTree │ └── estraverse@4.1.1
129 silly idealTree ├── estraverse@4.2.0
129 silly idealTree ├── esutils@2.0.2
129 silly idealTree ├── event-emitter@0.3.4
129 silly idealTree ├── exit-hook@1.1.1
129 silly idealTree ├── fast-levenshtein@2.0.5
129 silly idealTree ├── figures@1.7.0
129 silly idealTree ├── file-entry-cache@1.3.1
129 silly idealTree ├── flat-cache@1.2.1
129 silly idealTree ├── fs.realpath@1.0.0
129 silly idealTree ├── generate-function@2.0.0
129 silly idealTree ├── generate-object-property@1.2.0
129 silly idealTree ├── get-stdin@4.0.1
129 silly idealTree ├── glob@7.1.1
129 silly idealTree ├── globals@9.12.0
129 silly idealTree ├── globby@5.0.0
129 silly idealTree ├── graceful-fs@4.1.9
129 silly idealTree ├── has-ansi@2.0.0
129 silly idealTree ├── has-flag@1.0.0
129 silly idealTree ├─┬ home-or-tmp@1.0.0
129 silly idealTree │ └── user-home@1.1.1
129 silly idealTree ├── ignore@3.2.0
129 silly idealTree ├── imurmurhash@0.1.4
129 silly idealTree ├── inflight@1.0.6
129 silly idealTree ├── inherits@2.0.3
129 silly idealTree ├── inquirer@0.12.0
129 silly idealTree ├── invariant@2.2.1
129 silly idealTree ├── is-finite@1.0.2
129 silly idealTree ├── is-fullwidth-code-point@1.0.0
129 silly idealTree ├── is-my-json-valid@2.15.0
129 silly idealTree ├── is-path-cwd@1.0.0
129 silly idealTree ├── is-path-in-cwd@1.0.0
129 silly idealTree ├── is-path-inside@1.0.0
129 silly idealTree ├── is-property@1.0.2
129 silly idealTree ├── is-resolvable@1.0.0
129 silly idealTree ├── isarray@1.0.0
129 silly idealTree ├── js-base64@2.1.9
129 silly idealTree ├── js-tokens@2.0.0
129 silly idealTree ├── js-yaml@3.6.1
129 silly idealTree ├── jsesc@1.3.0
129 silly idealTree ├── json-stable-stringify@1.0.1
129 silly idealTree ├── json5@0.4.0
129 silly idealTree ├── jsonify@0.0.0
129 silly idealTree ├── jsonpointer@4.0.0
129 silly idealTree ├── levn@0.3.0
129 silly idealTree ├── lodash._baseeach@4.1.3
129 silly idealTree ├── lodash._basefind@3.0.0
129 silly idealTree ├── lodash._basefindindex@3.6.0
129 silly idealTree ├── lodash._baseiteratee@4.7.0
129 silly idealTree ├── lodash._basetostring@4.12.0
129 silly idealTree ├── lodash._root@3.0.1
129 silly idealTree ├── lodash._stringtopath@4.8.0
129 silly idealTree ├── lodash.find@4.4.0
129 silly idealTree ├── lodash.memoize@4.1.0
129 silly idealTree ├── lodash@4.16.4
129 silly idealTree ├─┬ loose-envify@1.2.0
129 silly idealTree │ └── js-tokens@1.0.3
129 silly idealTree ├─┬ meteor-node-stubs@0.2.3
129 silly idealTree │ ├── assert@1.3.0
129 silly idealTree │ ├─┬ browserify-zlib@0.1.4
129 silly idealTree │ │ └── pako@0.2.8
129 silly idealTree │ ├─┬ buffer@4.5.1
129 silly idealTree │ │ ├── base64-js@1.1.2
129 silly idealTree │ │ ├── ieee754@1.1.6
129 silly idealTree │ │ └── isarray@1.0.0
129 silly idealTree │ ├─┬ console-browserify@1.1.0
129 silly idealTree │ │ └── date-now@0.1.4
129 silly idealTree │ ├── constants-browserify@1.0.0
129 silly idealTree │ ├─┬ crypto-browserify@3.11.0
129 silly idealTree │ │ ├─┬ browserify-cipher@1.0.0
129 silly idealTree │ │ │ ├─┬ browserify-aes@1.0.6
129 silly idealTree │ │ │ │ ├── buffer-xor@1.0.3
129 silly idealTree │ │ │ │ └── cipher-base@1.0.2
129 silly idealTree │ │ │ ├─┬ browserify-des@1.0.0
129 silly idealTree │ │ │ │ ├── cipher-base@1.0.2
129 silly idealTree │ │ │ │ └─┬ des.js@1.0.0
129 silly idealTree │ │ │ │   └── minimalistic-assert@1.0.0
129 silly idealTree │ │ │ └── evp_bytestokey@1.0.0
129 silly idealTree │ │ ├─┬ browserify-sign@4.0.0
129 silly idealTree │ │ │ ├── bn.js@4.11.1
129 silly idealTree │ │ │ ├── browserify-rsa@4.0.1
129 silly idealTree │ │ │ ├─┬ elliptic@6.2.3
129 silly idealTree │ │ │ │ ├── brorand@1.0.5
129 silly idealTree │ │ │ │ └── hash.js@1.0.3
129 silly idealTree │ │ │ └─┬ parse-asn1@5.0.0
129 silly idealTree │ │ │   ├─┬ asn1.js@4.5.2
129 silly idealTree │ │ │   │ └── minimalistic-assert@1.0.0
129 silly idealTree │ │ │   ├─┬ browserify-aes@1.0.6
129 silly idealTree │ │ │   │ ├── buffer-xor@1.0.3
129 silly idealTree │ │ │   │ └── cipher-base@1.0.2
129 silly idealTree │ │ │   └── evp_bytestokey@1.0.0
129 silly idealTree │ │ ├─┬ create-ecdh@4.0.0
129 silly idealTree │ │ │ ├── bn.js@4.11.1
129 silly idealTree │ │ │ └─┬ elliptic@6.2.3
129 silly idealTree │ │ │   ├── brorand@1.0.5
129 silly idealTree │ │ │   └── hash.js@1.0.3
129 silly idealTree │ │ ├─┬ create-hash@1.1.2
129 silly idealTree │ │ │ ├── cipher-base@1.0.2
129 silly idealTree │ │ │ ├── ripemd160@1.0.1
129 silly idealTree │ │ │ └── sha.js@2.4.5
129 silly idealTree │ │ ├── create-hmac@1.1.4
129 silly idealTree │ │ ├─┬ diffie-hellman@5.0.2
129 silly idealTree │ │ │ ├── bn.js@4.11.1
129 silly idealTree │ │ │ └─┬ miller-rabin@4.0.0
129 silly idealTree │ │ │   └── brorand@1.0.5
129 silly idealTree │ │ ├── inherits@2.0.1
129 silly idealTree │ │ ├── pbkdf2@3.0.4
129 silly idealTree │ │ ├─┬ public-encrypt@4.0.0
129 silly idealTree │ │ │ ├── bn.js@4.11.1
129 silly idealTree │ │ │ ├── browserify-rsa@4.0.1
129 silly idealTree │ │ │ └─┬ parse-asn1@5.0.0
129 silly idealTree │ │ │   ├─┬ asn1.js@4.5.2
129 silly idealTree │ │ │   │ └── minimalistic-assert@1.0.0
129 silly idealTree │ │ │   ├─┬ browserify-aes@1.0.6
129 silly idealTree │ │ │   │ ├── buffer-xor@1.0.3
129 silly idealTree │ │ │   │ └── cipher-base@1.0.2
129 silly idealTree │ │ │   └── evp_bytestokey@1.0.0
129 silly idealTree │ │ └── randombytes@2.0.3
129 silly idealTree │ ├── domain-browser@1.1.7
129 silly idealTree │ ├── events@1.1.0
129 silly idealTree │ ├─┬ http-browserify@1.7.0
129 silly idealTree │ │ ├── Base64@0.2.1
129 silly idealTree │ │ └── inherits@2.0.1
129 silly idealTree │ ├── https-browserify@0.0.1
129 silly idealTree │ ├── os-browserify@0.2.1
129 silly idealTree │ ├── path-browserify@0.0.0
129 silly idealTree │ ├── process@0.11.2
129 silly idealTree │ ├── punycode@1.4.1
129 silly idealTree │ ├── querystring-es3@0.2.1
129 silly idealTree │ ├─┬ readable-stream@2.0.6
129 silly idealTree │ │ ├── core-util-is@1.0.2
129 silly idealTree │ │ ├── inherits@2.0.1
129 silly idealTree │ │ ├── isarray@1.0.0
129 silly idealTree │ │ ├── process-nextick-args@1.0.6
129 silly idealTree │ │ └── util-deprecate@1.0.2
129 silly idealTree │ ├─┬ stream-browserify@2.0.1
129 silly idealTree │ │ └── inherits@2.0.1
129 silly idealTree │ ├── string_decoder@0.10.31
129 silly idealTree │ ├── timers-browserify@1.4.2
129 silly idealTree │ ├── tty-browserify@0.0.0
129 silly idealTree │ ├─┬ url@0.11.0
129 silly idealTree │ │ ├── punycode@1.3.2
129 silly idealTree │ │ └── querystring@0.2.0
129 silly idealTree │ ├─┬ util@0.10.3
129 silly idealTree │ │ └── inherits@2.0.1
129 silly idealTree │ └─┬ vm-browserify@0.0.4
129 silly idealTree │   └── indexof@0.0.1
129 silly idealTree ├── minimatch@3.0.3
129 silly idealTree ├── minimist@0.0.8
129 silly idealTree ├── mkdirp@0.5.1
129 silly idealTree ├── ms@0.7.1
129 silly idealTree ├── mute-stream@0.0.5
129 silly idealTree ├── nan@2.3.5
129 silly idealTree ├── normalize-range@0.1.2
129 silly idealTree ├── num2fraction@1.2.2
129 silly idealTree ├── number-is-nan@1.0.1
129 silly idealTree ├── object-assign@4.1.0
129 silly idealTree ├── once@1.4.0
129 silly idealTree ├── onetime@1.1.0
129 silly idealTree ├── optionator@0.8.2
129 silly idealTree ├── os-homedir@1.0.2
129 silly idealTree ├── os-tmpdir@1.0.2
129 silly idealTree ├── path-exists@3.0.0
129 silly idealTree ├── path-is-absolute@1.0.1
129 silly idealTree ├── path-is-inside@1.0.2
129 silly idealTree ├── pify@2.3.0
129 silly idealTree ├── pinkie-promise@2.0.1
129 silly idealTree ├── pinkie@2.0.4
129 silly idealTree ├── pluralize@1.2.1
129 silly idealTree ├── postcss-value-parser@3.3.0
129 silly idealTree ├── postcss@5.2.4
129 silly idealTree ├── prelude-ls@1.1.2
129 silly idealTree ├── private@0.1.6
129 silly idealTree ├── process-nextick-args@1.0.7
129 silly idealTree ├── progress@1.1.8
129 silly idealTree ├── readable-stream@2.0.6
129 silly idealTree ├── readline2@1.0.1
129 silly idealTree ├── regenerator-runtime@0.9.5
129 silly idealTree ├── repeating@1.1.3
129 silly idealTree ├── require-uncached@1.0.2
129 silly idealTree ├── resolve-from@1.0.1
129 silly idealTree ├── restore-cursor@1.0.1
129 silly idealTree ├── rimraf@2.5.4
129 silly idealTree ├── run-async@0.1.0
129 silly idealTree ├── rx-lite@3.1.2
129 silly idealTree ├── shebang-regex@1.0.0
129 silly idealTree ├── shelljs@0.6.1
129 silly idealTree ├── slash@1.0.0
129 silly idealTree ├── slice-ansi@0.0.4
129 silly idealTree ├─┬ source-map-support@0.2.10
129 silly idealTree │ └── source-map@0.1.32
129 silly idealTree ├── source-map@0.5.6
129 silly idealTree ├── sprintf-js@1.0.3
129 silly idealTree ├── string_decoder@0.10.31
129 silly idealTree ├── string-width@1.0.2
129 silly idealTree ├── strip-ansi@3.0.1
129 silly idealTree ├── strip-json-comments@1.0.4
129 silly idealTree ├── supports-color@3.1.2
129 silly idealTree ├── table@3.8.0
129 silly idealTree ├── text-table@0.2.0
129 silly idealTree ├── through@2.3.8
129 silly idealTree ├── to-fast-properties@1.0.2
129 silly idealTree ├── tryit@1.0.2
129 silly idealTree ├── type-check@0.3.2
129 silly idealTree ├── type-detect@1.0.0
129 silly idealTree ├── typedarray@0.0.6
129 silly idealTree ├── user-home@2.0.0
129 silly idealTree ├── util-deprecate@1.0.2
129 silly idealTree ├── wordwrap@1.0.0
129 silly idealTree ├── wrappy@1.0.2
129 silly idealTree ├── write@0.2.1
129 silly idealTree └── xtend@4.0.1
130 silly generateActionsToTake Starting
131 silly install generateActionsToTake
132 silly generateActionsToTake Finishing
133 silly diffTrees action count 3
134 silly diffTrees add bindings@1.2.1
135 silly diffTrees add nan@2.3.5
136 silly diffTrees add bcrypt@0.8.7
137 silly decomposeActions action count 24
138 silly decomposeActions fetch bindings@1.2.1
139 silly decomposeActions extract bindings@1.2.1
140 silly decomposeActions test bindings@1.2.1
141 silly decomposeActions preinstall bindings@1.2.1
142 silly decomposeActions build bindings@1.2.1
143 silly decomposeActions install bindings@1.2.1
144 silly decomposeActions postinstall bindings@1.2.1
145 silly decomposeActions finalize bindings@1.2.1
146 silly decomposeActions fetch nan@2.3.5
147 silly decomposeActions extract nan@2.3.5
148 silly decomposeActions test nan@2.3.5
149 silly decomposeActions preinstall nan@2.3.5
150 silly decomposeActions build nan@2.3.5
151 silly decomposeActions install nan@2.3.5
152 silly decomposeActions postinstall nan@2.3.5
153 silly decomposeActions finalize nan@2.3.5
154 silly decomposeActions fetch bcrypt@0.8.7
155 silly decomposeActions extract bcrypt@0.8.7
156 silly decomposeActions test bcrypt@0.8.7
157 silly decomposeActions preinstall bcrypt@0.8.7
158 silly decomposeActions build bcrypt@0.8.7
159 silly decomposeActions install bcrypt@0.8.7
160 silly decomposeActions postinstall bcrypt@0.8.7
161 silly decomposeActions finalize bcrypt@0.8.7
162 silly executeActions Starting
163 silly install executeActions
164 silly doSerial global-install 0
165 silly doParallel fetch 3
166 verbose correctMkdir /Users/Tim/.npm/_locks correctMkdir not in flight; initializing
167 verbose lock using /Users/Tim/.npm/_locks/staging-183c6e1c1685347d.lock for /Users/Tim/Documents/College/ICS314/final-project-mockup/app/node_modules/.staging
168 silly doParallel extract 3
169 silly extract bindings@1.2.1
170 silly extract nan@2.3.5
171 silly extract bcrypt@0.8.7
172 verbose unbuild node_modules/.staging/bindings-dbb2b8d3
173 verbose unbuild node_modules/.staging/nan-40f00f73
174 verbose unbuild node_modules/.staging/bcrypt-ee12105e
175 silly gentlyRm /Users/Tim/Documents/College/ICS314/final-project-mockup/app/node_modules/.staging/bindings-dbb2b8d3 is being purged from base /Users/Tim/Documents/College/ICS314/final-project-mockup/app
176 verbose gentlyRm don't care about contents; nuking /Users/Tim/Documents/College/ICS314/final-project-mockup/app/node_modules/.staging/bindings-dbb2b8d3
177 silly gentlyRm /Users/Tim/Documents/College/ICS314/final-project-mockup/app/node_modules/.staging/nan-40f00f73 is being purged from base /Users/Tim/Documents/College/ICS314/final-project-mockup/app
178 verbose gentlyRm don't care about contents; nuking /Users/Tim/Documents/College/ICS314/final-project-mockup/app/node_modules/.staging/nan-40f00f73
179 silly gentlyRm /Users/Tim/Documents/College/ICS314/final-project-mockup/app/node_modules/.staging/bcrypt-ee12105e is being purged from base /Users/Tim/Documents/College/ICS314/final-project-mockup/app
180 verbose gentlyRm don't care about contents; nuking /Users/Tim/Documents/College/ICS314/final-project-mockup/app/node_modules/.staging/bcrypt-ee12105e
181 verbose tar unpack /Users/Tim/.npm/bindings/1.2.1/package.tgz
182 verbose tar unpacking to /Users/Tim/Documents/College/ICS314/final-project-mockup/app/node_modules/.staging/bindings-dbb2b8d3
183 silly gentlyRm /Users/Tim/Documents/College/ICS314/final-project-mockup/app/node_modules/.staging/bindings-dbb2b8d3 is being purged
184 verbose gentlyRm don't care about contents; nuking /Users/Tim/Documents/College/ICS314/final-project-mockup/app/node_modules/.staging/bindings-dbb2b8d3
185 verbose tar unpack /Users/Tim/.npm/nan/2.3.5/package.tgz
186 verbose tar unpacking to /Users/Tim/Documents/College/ICS314/final-project-mockup/app/node_modules/.staging/nan-40f00f73
187 silly gentlyRm /Users/Tim/Documents/College/ICS314/final-project-mockup/app/node_modules/.staging/nan-40f00f73 is being purged
188 verbose gentlyRm don't care about contents; nuking /Users/Tim/Documents/College/ICS314/final-project-mockup/app/node_modules/.staging/nan-40f00f73
189 verbose tar unpack /Users/Tim/.npm/bcrypt/0.8.7/package.tgz
190 verbose tar unpacking to /Users/Tim/Documents/College/ICS314/final-project-mockup/app/node_modules/.staging/bcrypt-ee12105e
191 silly gentlyRm /Users/Tim/Documents/College/ICS314/final-project-mockup/app/node_modules/.staging/bcrypt-ee12105e is being purged
192 verbose gentlyRm don't care about contents; nuking /Users/Tim/Documents/College/ICS314/final-project-mockup/app/node_modules/.staging/bcrypt-ee12105e
193 silly gunzTarPerm modes [ '755', '644' ]
194 silly gunzTarPerm modes [ '755', '644' ]
195 silly gunzTarPerm modes [ '755', '644' ]
196 silly gunzTarPerm extractEntry package.json
197 silly gunzTarPerm extractEntry package.json
198 silly gunzTarPerm modified mode [ 'package.json', 436, 420 ]
199 silly gunzTarPerm extractEntry package.json
200 silly gunzTarPerm extractEntry README.md
201 silly gunzTarPerm extractEntry bindings.js
202 silly gunzTarPerm extractEntry README.md
203 silly gunzTarPerm modified mode [ 'README.md', 436, 420 ]
204 silly gunzTarPerm extractEntry .npmignore
205 silly gunzTarPerm extractEntry README.md
206 silly gunzTarPerm extractEntry include_dirs.js
207 silly gunzTarPerm modified mode [ 'include_dirs.js', 436, 420 ]
208 silly gunzTarPerm extractEntry nan_converters.h
209 silly gunzTarPerm modified mode [ 'nan_converters.h', 436, 420 ]
210 silly gunzTarPerm extractEntry LICENSE.md
211 silly gunzTarPerm modified mode [ 'LICENSE.md', 436, 420 ]
212 silly gunzTarPerm extractEntry doc/node_misc.md
213 silly gunzTarPerm modified mode [ 'doc/node_misc.md', 436, 420 ]
214 silly gunzTarPerm extractEntry LICENSE
215 silly gunzTarPerm extractEntry bcrypt.js
216 silly gunzTarPerm extractEntry Makefile
217 silly gunzTarPerm extractEntry .travis.yml
218 silly gunzTarPerm extractEntry CHANGELOG.md
219 silly gunzTarPerm extractEntry binding.gyp
220 silly gunzTarPerm extractEntry examples/async_compare.js
221 silly gunzTarPerm extractEntry examples/forever_gen_salt.js
222 silly gunzTarPerm extractEntry test/async.js
223 silly gunzTarPerm extractEntry test/repetitions.js
224 silly gunzTarPerm extractEntry test/sync.js
225 silly gunzTarPerm extractEntry ISSUE_TEMPLATE.md
226 silly gunzTarPerm extractEntry src/bcrypt.cc
227 silly gunzTarPerm extractEntry src/bcrypt_node.cc
228 silly gunzTarPerm extractEntry src/blowfish.cc
229 silly gunzTarPerm extractEntry src/node_blf.h
230 silly gunzTarPerm extractEntry werker.yml
231 silly gunzTarPerm extractEntry doc/asyncworker.md
232 silly gunzTarPerm modified mode [ 'doc/asyncworker.md', 436, 420 ]
233 silly gunzTarPerm extractEntry doc/callback.md
234 silly gunzTarPerm modified mode [ 'doc/callback.md', 436, 420 ]
235 silly gunzTarPerm extractEntry doc/converters.md
236 silly gunzTarPerm modified mode [ 'doc/converters.md', 436, 420 ]
237 silly gunzTarPerm extractEntry doc/errors.md
238 silly gunzTarPerm modified mode [ 'doc/errors.md', 436, 420 ]
239 silly gunzTarPerm extractEntry doc/maybe_types.md
240 silly gunzTarPerm modified mode [ 'doc/maybe_types.md', 436, 420 ]
241 silly gentlyRm /Users/Tim/Documents/College/ICS314/final-project-mockup/app/node_modules/.staging/bindings-dbb2b8d3/node_modules is being purged
242 verbose gentlyRm don't care about contents; nuking /Users/Tim/Documents/College/ICS314/final-project-mockup/app/node_modules/.staging/bindings-dbb2b8d3/node_modules
243 silly gunzTarPerm extractEntry doc/methods.md
244 silly gunzTarPerm modified mode [ 'doc/methods.md', 436, 420 ]
245 silly gunzTarPerm extractEntry doc/new.md
246 silly gunzTarPerm modified mode [ 'doc/new.md', 436, 420 ]
247 silly gunzTarPerm extractEntry doc/buffers.md
248 silly gunzTarPerm modified mode [ 'doc/buffers.md', 436, 420 ]
249 silly gunzTarPerm extractEntry doc/object_wrappers.md
250 silly gunzTarPerm modified mode [ 'doc/object_wrappers.md', 436, 420 ]
251 silly gunzTarPerm extractEntry doc/persistent.md
252 silly gunzTarPerm modified mode [ 'doc/persistent.md', 436, 420 ]
253 silly gunzTarPerm extractEntry doc/scopes.md
254 silly gunzTarPerm modified mode [ 'doc/scopes.md', 436, 420 ]
255 silly gunzTarPerm extractEntry doc/script.md
256 silly gunzTarPerm modified mode [ 'doc/script.md', 436, 420 ]
257 silly gunzTarPerm extractEntry doc/string_bytes.md
258 silly gunzTarPerm modified mode [ 'doc/string_bytes.md', 436, 420 ]
259 silly gunzTarPerm extractEntry doc/v8_internals.md
260 silly gunzTarPerm modified mode [ 'doc/v8_internals.md', 436, 420 ]
261 silly gunzTarPerm extractEntry doc/v8_misc.md
262 silly gunzTarPerm modified mode [ 'doc/v8_misc.md', 436, 420 ]
263 silly gunzTarPerm extractEntry nan.h
264 silly gunzTarPerm modified mode [ 'nan.h', 436, 420 ]
265 silly gunzTarPerm extractEntry nan_callbacks.h
266 silly gunzTarPerm modified mode [ 'nan_callbacks.h', 436, 420 ]
267 silly gunzTarPerm extractEntry nan_callbacks_12_inl.h
268 silly gunzTarPerm modified mode [ 'nan_callbacks_12_inl.h', 436, 420 ]
269 silly gunzTarPerm extractEntry nan_callbacks_pre_12_inl.h
270 silly gunzTarPerm modified mode [ 'nan_callbacks_pre_12_inl.h', 436, 420 ]
271 silly gunzTarPerm extractEntry nan_converters_43_inl.h
272 silly gunzTarPerm modified mode [ 'nan_converters_43_inl.h', 436, 420 ]
273 silly gunzTarPerm extractEntry nan_converters_pre_43_inl.h
274 silly gunzTarPerm modified mode [ 'nan_converters_pre_43_inl.h', 436, 420 ]
275 silly gunzTarPerm extractEntry nan_implementation_12_inl.h
276 silly gunzTarPerm modified mode [ 'nan_implementation_12_inl.h', 436, 420 ]
277 silly gunzTarPerm extractEntry nan_implementation_pre_12_inl.h
278 silly gunzTarPerm modified mode [ 'nan_implementation_pre_12_inl.h', 436, 420 ]
279 silly gunzTarPerm extractEntry nan_maybe_43_inl.h
280 silly gunzTarPerm modified mode [ 'nan_maybe_43_inl.h', 436, 420 ]
281 silly gunzTarPerm extractEntry nan_maybe_pre_43_inl.h
282 silly gunzTarPerm modified mode [ 'nan_maybe_pre_43_inl.h', 436, 420 ]
283 silly gunzTarPerm extractEntry nan_new.h
284 silly gunzTarPerm modified mode [ 'nan_new.h', 436, 420 ]
285 silly gunzTarPerm extractEntry nan_object_wrap.h
286 silly gunzTarPerm modified mode [ 'nan_object_wrap.h', 436, 420 ]
287 silly gunzTarPerm extractEntry nan_persistent_12_inl.h
288 silly gunzTarPerm modified mode [ 'nan_persistent_12_inl.h', 436, 420 ]
289 silly gunzTarPerm extractEntry nan_persistent_pre_12_inl.h
290 silly gunzTarPerm modified mode [ 'nan_persistent_pre_12_inl.h', 436, 420 ]
291 silly gunzTarPerm extractEntry nan_string_bytes.h
292 silly gunzTarPerm modified mode [ 'nan_string_bytes.h', 436, 420 ]
293 silly gunzTarPerm extractEntry nan_typedarray_contents.h
294 silly gunzTarPerm modified mode [ 'nan_typedarray_contents.h', 436, 420 ]
295 silly gunzTarPerm extractEntry nan_weak.h
296 silly gunzTarPerm modified mode [ 'nan_weak.h', 436, 420 ]
297 silly gunzTarPerm extractEntry CHANGELOG.md
298 silly gunzTarPerm modified mode [ 'CHANGELOG.md', 436, 420 ]
299 silly gunzTarPerm extractEntry tools/package.json
300 silly gunzTarPerm modified mode [ 'tools/package.json', 436, 420 ]
301 silly gunzTarPerm extractEntry tools/README.md
302 silly gunzTarPerm modified mode [ 'tools/README.md', 436, 420 ]
303 silly gunzTarPerm extractEntry tools/1to2.js
304 silly gunzTarPerm modified mode [ 'tools/1to2.js', 509, 493 ]
305 silly gentlyRm /Users/Tim/Documents/College/ICS314/final-project-mockup/app/node_modules/.staging/bcrypt-ee12105e/node_modules is being purged
306 verbose gentlyRm don't care about contents; nuking /Users/Tim/Documents/College/ICS314/final-project-mockup/app/node_modules/.staging/bcrypt-ee12105e/node_modules
307 silly gentlyRm /Users/Tim/Documents/College/ICS314/final-project-mockup/app/node_modules/.staging/nan-40f00f73/node_modules is being purged
308 verbose gentlyRm don't care about contents; nuking /Users/Tim/Documents/College/ICS314/final-project-mockup/app/node_modules/.staging/nan-40f00f73/node_modules
309 silly doParallel preinstall 3
310 silly preinstall bindings@1.2.1 /Users/Tim/Documents/College/ICS314/final-project-mockup/app/node_modules/.staging/bindings-dbb2b8d3
311 info lifecycle bindings@1.2.1~preinstall: bindings@1.2.1
312 silly preinstall nan@2.3.5 /Users/Tim/Documents/College/ICS314/final-project-mockup/app/node_modules/.staging/nan-40f00f73
313 info lifecycle nan@2.3.5~preinstall: nan@2.3.5
314 silly preinstall bcrypt@0.8.7 /Users/Tim/Documents/College/ICS314/final-project-mockup/app/node_modules/.staging/bcrypt-ee12105e
315 info lifecycle bcrypt@0.8.7~preinstall: bcrypt@0.8.7
316 silly lifecycle bindings@1.2.1~preinstall: no script for preinstall, continuing
317 silly lifecycle nan@2.3.5~preinstall: no script for preinstall, continuing
318 silly lifecycle bcrypt@0.8.7~preinstall: no script for preinstall, continuing
319 silly doReverseSerial remove 0
320 silly doSerial move 0
321 silly doSerial finalize 3
322 silly finalize /Users/Tim/Documents/College/ICS314/final-project-mockup/app/node_modules/bindings
323 silly finalize /Users/Tim/Documents/College/ICS314/final-project-mockup/app/node_modules/nan
324 silly finalize /Users/Tim/Documents/College/ICS314/final-project-mockup/app/node_modules/bcrypt
325 silly doSerial build 3
326 silly build bindings@1.2.1
327 info linkStuff bindings@1.2.1
328 silly linkStuff bindings@1.2.1 has /Users/Tim/Documents/College/ICS314/final-project-mockup/app/node_modules as its parent node_modules
329 verbose linkBins bindings@1.2.1
330 verbose linkMans bindings@1.2.1
331 silly build nan@2.3.5
332 info linkStuff nan@2.3.5
333 silly linkStuff nan@2.3.5 has /Users/Tim/Documents/College/ICS314/final-project-mockup/app/node_modules as its parent node_modules
334 verbose linkBins nan@2.3.5
335 verbose linkMans nan@2.3.5
336 silly build bcrypt@0.8.7
337 info linkStuff bcrypt@0.8.7
338 silly linkStuff bcrypt@0.8.7 has /Users/Tim/Documents/College/ICS314/final-project-mockup/app/node_modules as its parent node_modules
339 verbose linkBins bcrypt@0.8.7
340 verbose linkMans bcrypt@0.8.7
341 silly doSerial global-link 0
342 silly doParallel update-linked 0
343 silly doSerial install 3
344 silly install bindings@1.2.1 /Users/Tim/Documents/College/ICS314/final-project-mockup/app/node_modules/.staging/bindings-dbb2b8d3
345 info lifecycle bindings@1.2.1~install: bindings@1.2.1
346 silly lifecycle bindings@1.2.1~install: no script for install, continuing
347 silly install nan@2.3.5 /Users/Tim/Documents/College/ICS314/final-project-mockup/app/node_modules/.staging/nan-40f00f73
348 info lifecycle nan@2.3.5~install: nan@2.3.5
349 silly lifecycle nan@2.3.5~install: no script for install, continuing
350 silly install bcrypt@0.8.7 /Users/Tim/Documents/College/ICS314/final-project-mockup/app/node_modules/.staging/bcrypt-ee12105e
351 info lifecycle bcrypt@0.8.7~install: bcrypt@0.8.7
352 verbose lifecycle bcrypt@0.8.7~install: unsafe-perm in lifecycle true
353 verbose lifecycle bcrypt@0.8.7~install: PATH: /Users/Tim/.meteor/packages/meteor-tool/.1.4.1_1.9e84yi++os.osx.x86_64+web.browser+web.cordova/mt-os.osx.x86_64/dev_bundle/lib/node_modules/npm/bin/node-gyp-bin:/Users/Tim/Documents/College/ICS314/final-project-mockup/app/node_modules/bcrypt/node_modules/.bin:/Users/Tim/Documents/College/ICS314/final-project-mockup/app/node_modules/.bin:/Users/Tim/.meteor/packages/meteor-tool/.1.4.1_1.9e84yi++os.osx.x86_64+web.browser+web.cordova/mt-os.osx.x86_64/dev_bundle/bin:/Users/Tim/.meteor/packages/meteor-tool/1.4.1_1/mt-os.osx.x86_64/dev_bundle/bin:/Users/Tim/.meteor/packages/meteor-tool/1.4.1_1/mt-os.osx.x86_64/dev_bundle/lib/node_modules/.bin:/usr/local/bin:/usr/bin:/bin:/usr/sbin:/sbin
354 verbose lifecycle bcrypt@0.8.7~install: CWD: /Users/Tim/Documents/College/ICS314/final-project-mockup/app/node_modules/bcrypt
355 silly lifecycle bcrypt@0.8.7~install: Args: [ '-c', 'node-gyp rebuild' ]
356 silly lifecycle bcrypt@0.8.7~install: Returned: code: 1  signal: null
357 info lifecycle bcrypt@0.8.7~install: Failed to exec install script
358 verbose unlock done using /Users/Tim/.npm/_locks/staging-183c6e1c1685347d.lock for /Users/Tim/Documents/College/ICS314/final-project-mockup/app/node_modules/.staging
359 silly rollbackFailedOptional Starting
360 silly rollbackFailedOptional Finishing
361 silly runTopLevelLifecycles Starting
362 silly runTopLevelLifecycles Finishing
363 silly install printInstalled
364 verbose stack Error: bcrypt@0.8.7 install: `node-gyp rebuild`
364 verbose stack Exit status 1
364 verbose stack     at EventEmitter.<anonymous> (/Users/Tim/.meteor/packages/meteor-tool/.1.4.1_1.9e84yi++os.osx.x86_64+web.browser+web.cordova/mt-os.osx.x86_64/dev_bundle/lib/node_modules/npm/lib/utils/lifecycle.js:255:16)
364 verbose stack     at emitTwo (events.js:87:13)
364 verbose stack     at EventEmitter.emit (events.js:172:7)
364 verbose stack     at ChildProcess.<anonymous> (/Users/Tim/.meteor/packages/meteor-tool/.1.4.1_1.9e84yi++os.osx.x86_64+web.browser+web.cordova/mt-os.osx.x86_64/dev_bundle/lib/node_modules/npm/lib/utils/spawn.js:40:14)
364 verbose stack     at emitTwo (events.js:87:13)
364 verbose stack     at ChildProcess.emit (events.js:172:7)
364 verbose stack     at maybeClose (internal/child_process.js:829:16)
364 verbose stack     at Process.ChildProcess._handle.onexit (internal/child_process.js:211:5)
365 verbose pkgid bcrypt@0.8.7
366 verbose cwd /Users/Tim/Documents/College/ICS314/final-project-mockup/app
367 error Darwin 15.0.0
368 error argv "/Users/Tim/.meteor/packages/meteor-tool/.1.4.1_1.9e84yi++os.osx.x86_64+web.browser+web.cordova/mt-os.osx.x86_64/dev_bundle/bin/node" "/Users/Tim/.meteor/packages/meteor-tool/1.4.1_1/mt-os.osx.x86_64/dev_bundle/bin/npm" "install"
369 error node v4.5.0
370 error npm  v3.10.6
371 error code ELIFECYCLE
372 error bcrypt@0.8.7 install: `node-gyp rebuild`
372 error Exit status 1
373 error Failed at the bcrypt@0.8.7 install script 'node-gyp rebuild'.
373 error Make sure you have the latest version of node.js and npm installed.
373 error If you do, this is most likely a problem with the bcrypt package,
373 error not with npm itself.
373 error Tell the author that this fails on your system:
373 error     node-gyp rebuild
373 error You can get information on how to open an issue for this project with:
373 error     npm bugs bcrypt
373 error Or if that isn't available, you can get their info via:
373 error     npm owner ls bcrypt
373 error There is likely additional logging output above.
374 verbose exit [ 1, true ]
